c:\users\alex\source\repos\renderingdemo\x64\release\vc142.pdb
c:\users\alex\source\repos\renderingdemo\x64\release\renderer.obj
c:\users\alex\source\repos\renderingdemo\x64\release\main.obj
c:\users\alex\source\repos\renderingdemo\x64\release\tools.obj
c:\users\alex\source\repos\renderingdemo\x64\release\texturemanager.obj
c:\users\alex\source\repos\renderingdemo\x64\release\shaderprogram.obj
c:\users\alex\source\repos\renderingdemo\x64\release\objloader.obj
c:\users\alex\source\repos\renderingdemo\x64\release\lightnode.obj
c:\users\alex\source\repos\renderingdemo\x64\release\geometrynode.obj
c:\users\alex\source\repos\renderingdemo\x64\release\geometricmesh.obj
c:\users\alex\source\repos\renderingdemo\x64\release\renderingdemo.exe
c:\users\alex\source\repos\renderingdemo\x64\release\renderingdemo.pdb
c:\users\alex\source\repos\renderingdemo\x64\release\renderingdemo.ipdb
c:\users\alex\source\repos\renderingdemo\x64\release\renderingdemo.iobj
c:\users\alex\source\repos\renderingdemo\x64\release\renderingdemo.tlog\cl.command.1.tlog
c:\users\alex\source\repos\renderingdemo\x64\release\renderingdemo.tlog\cl.read.1.tlog
c:\users\alex\source\repos\renderingdemo\x64\release\renderingdemo.tlog\cl.write.1.tlog
c:\users\alex\source\repos\renderingdemo\x64\release\renderingdemo.tlog\link.command.1.tlog
c:\users\alex\source\repos\renderingdemo\x64\release\renderingdemo.tlog\link.read.1.tlog
c:\users\alex\source\repos\renderingdemo\x64\release\renderingdemo.tlog\link.write.1.tlog
c:\users\alex\source\repos\renderingdemo\x64\release\renderingdemo.tlog\renderingdemo.write.1u.tlog
